http: Method: GET en "/api/views/login" - Params: {} - Query: {} - Body: {} - 11/14/2023 - 8:16:28 PM
http: Method: GET en "/public/css/style.css" - Params: {} - Query: {} - Body: {} - 11/14/2023 - 8:16:28 PM
http: Method: GET en "/favicon.ico" - Params: {} - Query: {} - Body: {} - 11/14/2023 - 8:16:30 PM
http: Method: POST en "/api/sessions/login" - Params: {} - Query: {} - Body: {"email":"gaboasd@gmail.com","password":""} - 11/14/2023 - 8:16:38 PM
debug: Invalid credentials.
warn: Invalid credentials.
warn: Invalid credentials.
http: Method: GET en "/api/views/products" - Params: {} - Query: {} - Body: {} - 11/14/2023 - 8:16:39 PM
http: Method: GET en "/images/icons/gear.png" - Params: {} - Query: {} - Body: {} - 11/14/2023 - 8:16:39 PM
http: Method: GET en "/favicon.ico" - Params: {} - Query: {} - Body: {} - 11/14/2023 - 8:16:39 PM
http: Method: GET en "/api/views/login" - Params: {} - Query: {} - Body: {} - 11/14/2023 - 8:18:15 PM
http: Method: GET en "/public/css/style.css" - Params: {} - Query: {} - Body: {} - 11/14/2023 - 8:18:15 PM
http: Method: GET en "/favicon.ico" - Params: {} - Query: {} - Body: {} - 11/14/2023 - 8:18:16 PM
http: Method: POST en "/api/sessions/login" - Params: {} - Query: {} - Body: {"email":"gaboasd@gmail.com","password":""} - 11/14/2023 - 8:18:18 PM
debug: Invalid credentials.
warn: Invalid credentials.
warn: Invalid credentials. Please try again.
http: Method: GET en "/api/views/products" - Params: {} - Query: {} - Body: {} - 11/14/2023 - 8:18:18 PM
http: Method: GET en "/images/icons/gear.png" - Params: {} - Query: {} - Body: {} - 11/14/2023 - 8:18:18 PM
http: Method: GET en "/favicon.ico" - Params: {} - Query: {} - Body: {} - 11/14/2023 - 8:18:19 PM
http: Method: GET en "/api/views/login" - Params: {} - Query: {} - Body: {} - 11/14/2023 - 8:19:55 PM
http: Method: GET en "/public/css/style.css" - Params: {} - Query: {} - Body: {} - 11/14/2023 - 8:19:55 PM
http: Method: GET en "/favicon.ico" - Params: {} - Query: {} - Body: {} - 11/14/2023 - 8:19:55 PM
http: Method: POST en "/api/sessions/login" - Params: {} - Query: {} - Body: {"email":"gaboasd@gmail.com","password":""} - 11/14/2023 - 8:19:57 PM
debug: Invalid credentials.
warn: Invalid credentials.
debug: Nivel debug
http: Method: GET en "/api/views/products" - Params: {} - Query: {} - Body: {} - 11/14/2023 - 8:19:57 PM
http: Method: GET en "/images/icons/gear.png" - Params: {} - Query: {} - Body: {} - 11/14/2023 - 8:19:57 PM
http: Method: GET en "/favicon.ico" - Params: {} - Query: {} - Body: {} - 11/14/2023 - 8:19:57 PM
http: Method: GET en "/api/views/login" - Params: {} - Query: {} - Body: {} - 11/14/2023 - 8:25:12 PM
http: Method: GET en "/public/css/style.css" - Params: {} - Query: {} - Body: {} - 11/14/2023 - 8:25:12 PM
http: Method: GET en "/favicon.ico" - Params: {} - Query: {} - Body: {} - 11/14/2023 - 8:25:13 PM
http: Method: GET en "/api/sessions/github" - Params: {} - Query: {} - Body: {} - 11/14/2023 - 8:34:17 PM
http: Method: GET en "/api/sessions/githubcallback?code=0011d3401621c770e4af" - Params: {} - Query: {"code":"0011d3401621c770e4af"} - Body: {} - 11/14/2023 - 8:34:18 PM
http: Method: GET en "/api/views/products" - Params: {} - Query: {} - Body: {} - 11/14/2023 - 8:34:19 PM
http: Method: GET en "/public/css/style.css" - Params: {} - Query: {} - Body: {} - 11/14/2023 - 8:34:19 PM
http: Method: GET en "/favicon.ico" - Params: {} - Query: {} - Body: {} - 11/14/2023 - 8:34:21 PM
http: Method: GET en "/api/views/login" - Headers: {"host":"localhost:3000","connection":"keep-alive","pragma":"no-cache","cache-control":"no-cache","sec-ch-ua":"\"Google Chrome\";v=\"119\", \"Chromium\";v=\"119\", \"Not?A_Brand\";v=\"24\"","sec-ch-ua-mobile":"?1","sec-ch-ua-platform":"\"Android\"","upgrade-insecure-requests":"1","user-agent":"Mozilla/5.0 (Linux; Android 8.0.0; SM-G955U Build/R16NW) AppleWebKit/537.36 (KHTML, like Gecko) Chrome/116.0.0.0 Mobile Safari/537.36","accept":"text/html,application/xhtml+xml,application/xml;q=0.9,image/avif,image/webp,image/apng,*/*;q=0.8,application/signed-exchange;v=b3;q=0.7","sec-fetch-site":"same-origin","sec-fetch-mode":"navigate","sec-fetch-user":"?1","sec-fetch-dest":"document","referer":"http://localhost:3000/api/views/products","accept-encoding":"gzip, deflate, br","accept-language":"es-ES,es;q=0.9,en;q=0.8"}  - Params: {} - Query: {} - Body: {} - 11/14/2023 - 8:40:59 PM
http: Method: GET en "/public/css/style.css" - Headers: {"host":"localhost:3000","connection":"keep-alive","pragma":"no-cache","cache-control":"no-cache","sec-ch-ua":"\"Google Chrome\";v=\"119\", \"Chromium\";v=\"119\", \"Not?A_Brand\";v=\"24\"","sec-ch-ua-mobile":"?1","user-agent":"Mozilla/5.0 (Linux; Android 8.0.0; SM-G955U Build/R16NW) AppleWebKit/537.36 (KHTML, like Gecko) Chrome/116.0.0.0 Mobile Safari/537.36","sec-ch-ua-platform":"\"Android\"","accept":"text/css,*/*;q=0.1","sec-fetch-site":"same-origin","sec-fetch-mode":"no-cors","sec-fetch-dest":"style","referer":"http://localhost:3000/api/views/login","accept-encoding":"gzip, deflate, br","accept-language":"es-ES,es;q=0.9,en;q=0.8"}  - Params: {} - Query: {} - Body: {} - 11/14/2023 - 8:40:59 PM
http: Method: GET en "/favicon.ico" - Headers: {"host":"localhost:3000","connection":"keep-alive","pragma":"no-cache","cache-control":"no-cache","sec-ch-ua":"\"Google Chrome\";v=\"119\", \"Chromium\";v=\"119\", \"Not?A_Brand\";v=\"24\"","sec-ch-ua-mobile":"?1","user-agent":"Mozilla/5.0 (Linux; Android 8.0.0; SM-G955U Build/R16NW) AppleWebKit/537.36 (KHTML, like Gecko) Chrome/116.0.0.0 Mobile Safari/537.36","sec-ch-ua-platform":"\"Android\"","accept":"image/avif,image/webp,image/apng,image/svg+xml,image/*,*/*;q=0.8","sec-fetch-site":"same-origin","sec-fetch-mode":"no-cors","sec-fetch-dest":"image","referer":"http://localhost:3000/api/views/login","accept-encoding":"gzip, deflate, br","accept-language":"es-ES,es;q=0.9,en;q=0.8"}  - Params: {} - Query: {} - Body: {} - 11/14/2023 - 8:41:00 PM
http: Method: GET en "/api/sessions/github" - Headers: {"host":"localhost:3000","connection":"keep-alive","pragma":"no-cache","cache-control":"no-cache","sec-ch-ua":"\"Google Chrome\";v=\"119\", \"Chromium\";v=\"119\", \"Not?A_Brand\";v=\"24\"","sec-ch-ua-mobile":"?1","sec-ch-ua-platform":"\"Android\"","upgrade-insecure-requests":"1","user-agent":"Mozilla/5.0 (Linux; Android 8.0.0; SM-G955U Build/R16NW) AppleWebKit/537.36 (KHTML, like Gecko) Chrome/116.0.0.0 Mobile Safari/537.36","accept":"text/html,application/xhtml+xml,application/xml;q=0.9,image/avif,image/webp,image/apng,*/*;q=0.8,application/signed-exchange;v=b3;q=0.7","sec-fetch-site":"same-origin","sec-fetch-mode":"navigate","sec-fetch-user":"?1","sec-fetch-dest":"document","referer":"http://localhost:3000/api/views/login","accept-encoding":"gzip, deflate, br","accept-language":"es-ES,es;q=0.9,en;q=0.8"}  - Params: {} - Query: {} - Body: {} - 11/14/2023 - 8:41:07 PM
http: Method: GET en "/api/sessions/githubcallback?code=219d8c4b89dc7463e5cf" - Headers: {"host":"localhost:3000","connection":"keep-alive","pragma":"no-cache","cache-control":"no-cache","upgrade-insecure-requests":"1","user-agent":"Mozilla/5.0 (Linux; Android 8.0.0; SM-G955U Build/R16NW) AppleWebKit/537.36 (KHTML, like Gecko) Chrome/116.0.0.0 Mobile Safari/537.36","accept":"text/html,application/xhtml+xml,application/xml;q=0.9,image/avif,image/webp,image/apng,*/*;q=0.8,application/signed-exchange;v=b3;q=0.7","sec-fetch-site":"cross-site","sec-fetch-mode":"navigate","sec-fetch-user":"?1","sec-fetch-dest":"document","sec-ch-ua":"\"Google Chrome\";v=\"119\", \"Chromium\";v=\"119\", \"Not?A_Brand\";v=\"24\"","sec-ch-ua-mobile":"?1","sec-ch-ua-platform":"\"Android\"","referer":"http://localhost:3000/","accept-encoding":"gzip, deflate, br","accept-language":"es-ES,es;q=0.9,en;q=0.8"}  - Params: {} - Query: {"code":"219d8c4b89dc7463e5cf"} - Body: {} - 11/14/2023 - 8:41:07 PM
http: Method: GET en "/api/views/products" - Headers: {"host":"localhost:3000","connection":"keep-alive","pragma":"no-cache","cache-control":"no-cache","upgrade-insecure-requests":"1","user-agent":"Mozilla/5.0 (Linux; Android 8.0.0; SM-G955U Build/R16NW) AppleWebKit/537.36 (KHTML, like Gecko) Chrome/116.0.0.0 Mobile Safari/537.36","accept":"text/html,application/xhtml+xml,application/xml;q=0.9,image/avif,image/webp,image/apng,*/*;q=0.8,application/signed-exchange;v=b3;q=0.7","sec-fetch-site":"cross-site","sec-fetch-mode":"navigate","sec-fetch-user":"?1","sec-fetch-dest":"document","sec-ch-ua":"\"Google Chrome\";v=\"119\", \"Chromium\";v=\"119\", \"Not?A_Brand\";v=\"24\"","sec-ch-ua-mobile":"?1","sec-ch-ua-platform":"\"Android\"","referer":"http://localhost:3000/","accept-encoding":"gzip, deflate, br","accept-language":"es-ES,es;q=0.9,en;q=0.8","cookie":"authCookie=eyJhbGciOiJIUzI1NiIsInR5cCI6IkpXVCJ9.eyJ1c2VyIjoiNjU0NTlmOWE0YmVjNmM5YzQxMWIzZTA4IiwiaWF0IjoxNzAwMDA1MjY4LCJleHAiOjE3MDAwMDg4Njh9.CiFJZekp3whR_XCj05z_DczlL0UKajBAVw4h_sCtXiA"}  - Params: {} - Query: {} - Body: {} - 11/14/2023 - 8:41:08 PM
http: Method: GET en "/public/css/style.css" - Headers: {"host":"localhost:3000","connection":"keep-alive","pragma":"no-cache","cache-control":"no-cache","sec-ch-ua":"\"Google Chrome\";v=\"119\", \"Chromium\";v=\"119\", \"Not?A_Brand\";v=\"24\"","sec-ch-ua-mobile":"?1","user-agent":"Mozilla/5.0 (Linux; Android 8.0.0; SM-G955U Build/R16NW) AppleWebKit/537.36 (KHTML, like Gecko) Chrome/116.0.0.0 Mobile Safari/537.36","sec-ch-ua-platform":"\"Android\"","accept":"text/css,*/*;q=0.1","sec-fetch-site":"same-origin","sec-fetch-mode":"no-cors","sec-fetch-dest":"style","referer":"http://localhost:3000/api/views/products","accept-encoding":"gzip, deflate, br","accept-language":"es-ES,es;q=0.9,en;q=0.8","cookie":"authCookie=eyJhbGciOiJIUzI1NiIsInR5cCI6IkpXVCJ9.eyJ1c2VyIjoiNjU0NTlmOWE0YmVjNmM5YzQxMWIzZTA4IiwiaWF0IjoxNzAwMDA1MjY4LCJleHAiOjE3MDAwMDg4Njh9.CiFJZekp3whR_XCj05z_DczlL0UKajBAVw4h_sCtXiA"}  - Params: {} - Query: {} - Body: {} - 11/14/2023 - 8:41:08 PM
http: Method: GET en "/favicon.ico" - Headers: {"host":"localhost:3000","connection":"keep-alive","pragma":"no-cache","cache-control":"no-cache","sec-ch-ua":"\"Google Chrome\";v=\"119\", \"Chromium\";v=\"119\", \"Not?A_Brand\";v=\"24\"","sec-ch-ua-mobile":"?1","user-agent":"Mozilla/5.0 (Linux; Android 8.0.0; SM-G955U Build/R16NW) AppleWebKit/537.36 (KHTML, like Gecko) Chrome/116.0.0.0 Mobile Safari/537.36","sec-ch-ua-platform":"\"Android\"","accept":"image/avif,image/webp,image/apng,image/svg+xml,image/*,*/*;q=0.8","sec-fetch-site":"same-origin","sec-fetch-mode":"no-cors","sec-fetch-dest":"image","referer":"http://localhost:3000/api/views/products","accept-encoding":"gzip, deflate, br","accept-language":"es-ES,es;q=0.9,en;q=0.8","cookie":"authCookie=eyJhbGciOiJIUzI1NiIsInR5cCI6IkpXVCJ9.eyJ1c2VyIjoiNjU0NTlmOWE0YmVjNmM5YzQxMWIzZTA4IiwiaWF0IjoxNzAwMDA1MjY4LCJleHAiOjE3MDAwMDg4Njh9.CiFJZekp3whR_XCj05z_DczlL0UKajBAVw4h_sCtXiA"}  - Params: {} - Query: {} - Body: {} - 11/14/2023 - 8:41:10 PM
