error: undefined
error: undefined {"kind":"ObjectId","path":"_id","reason":{},"stringValue":"\"mockusers\"","value":"mockusers","valueType":"string"}
error: Error adding product to cart:
error: Otro tipo de error:
error: Otro tipo de error:
error: Otro tipo de error:
error: Error: Producto sin existencia
error: Error: Producto sin existencia
error: Error: Producto sin existencia
error: No se puede continuar la compra. Producto con stock insuficiente.
error: Error: Producto sin existencia
error: No se puede continuar la compra. Producto con stock insuficiente.
error: Otro tipo de error:
error: Otro tipo de error:
error: Otro tipo de error:
error: Otro tipo de error:
error: Error: Producto sin existencia
error: Error: Producto sin existencia
error: Error: Producto sin existencia
error: Otro tipo de error:
error: Otro tipo de error:
error: Otro tipo de error:
error: Otro tipo de error:
error: Otro tipo de error:
error: Otro tipo de error:
error: Otro tipo de error:
error: Otro tipo de error:
error: Otro tipo de error:
error: Otro tipo de error:
error: Otro tipo de error:
error: Otro tipo de error:
error: Otro tipo de error:
error: No se puede continuar la compra. Producto con stock insuficiente.
error: No se puede continuar la compra. Producto con stock insuficiente.
error: Error: El carrito no existe.
error: No se puede continuar la compra. Producto con stock insuficiente.
error: No se puede continuar la compra. Producto con stock insuficiente.
error: No se puede continuar la compra. Producto con stock insuficiente.
error: No se puede continuar la compra. Producto con stock insuficiente.
error: No se puede continuar la compra. Producto con stock insuficiente.
error: Otro tipo de error:
error: Otro tipo de error:
error: Otro tipo de error:
error: Otro tipo de error:
error: Otro tipo de error:
